<?xml version="1.0" encoding="UTF-8"?>
<testsuite xmlns:xsi="http://www.w3.org/2001/XMLSchema-instance" xsi:noNamespaceSchemaLocation="https://maven.apache.org/surefire/maven-surefire-plugin/xsd/surefire-test-report.xsd" name="com.example.product.ProductApplicationTests" time="5.718" tests="1" errors="0" skipped="0" failures="0">
  <properties>
    <property name="java.specification.version" value="17"/>
    <property name="sun.cpu.isalist" value="amd64"/>
    <property name="sun.jnu.encoding" value="Cp1252"/>
    <property name="java.class.path" value="C:\Users\Rakshandha Kannappan\Documents\AWS\ECS\product\target\test-classes;C:\Users\Rakshandha Kannappan\Documents\AWS\ECS\product\target\classes;C:\Users\Rakshandha Kannappan\.m2\repository\org\springframework\boot\spring-boot-starter-web\3.0.9-SNAPSHOT\spring-boot-starter-web-3.0.9-SNAPSHOT.jar;C:\Users\Rakshandha Kannappan\.m2\repository\org\springframework\boot\spring-boot-starter\3.0.9-SNAPSHOT\spring-boot-starter-3.0.9-SNAPSHOT.jar;C:\Users\Rakshandha Kannappan\.m2\repository\org\springframework\boot\spring-boot-starter-logging\3.0.9-SNAPSHOT\spring-boot-starter-logging-3.0.9-SNAPSHOT.jar;C:\Users\Rakshandha Kannappan\.m2\repository\ch\qos\logback\logback-classic\1.4.8\logback-classic-1.4.8.jar;C:\Users\Rakshandha Kannappan\.m2\repository\ch\qos\logback\logback-core\1.4.8\logback-core-1.4.8.jar;C:\Users\Rakshandha Kannappan\.m2\repository\org\apache\logging\log4j\log4j-to-slf4j\2.19.0\log4j-to-slf4j-2.19.0.jar;C:\Users\Rakshandha Kannappan\.m2\repository\org\apache\logging\log4j\log4j-api\2.19.0\log4j-api-2.19.0.jar;C:\Users\Rakshandha Kannappan\.m2\repository\org\slf4j\jul-to-slf4j\2.0.7\jul-to-slf4j-2.0.7.jar;C:\Users\Rakshandha Kannappan\.m2\repository\jakarta\annotation\jakarta.annotation-api\2.1.1\jakarta.annotation-api-2.1.1.jar;C:\Users\Rakshandha Kannappan\.m2\repository\org\yaml\snakeyaml\1.33\snakeyaml-1.33.jar;C:\Users\Rakshandha Kannappan\.m2\repository\org\springframework\boot\spring-boot-starter-json\3.0.9-SNAPSHOT\spring-boot-starter-json-3.0.9-SNAPSHOT.jar;C:\Users\Rakshandha Kannappan\.m2\repository\com\fasterxml\jackson\core\jackson-databind\2.14.3\jackson-databind-2.14.3.jar;C:\Users\Rakshandha Kannappan\.m2\repository\com\fasterxml\jackson\core\jackson-annotations\2.14.3\jackson-annotations-2.14.3.jar;C:\Users\Rakshandha Kannappan\.m2\repository\com\fasterxml\jackson\core\jackson-core\2.14.3\jackson-core-2.14.3.jar;C:\Users\Rakshandha Kannappan\.m2\repository\com\fasterxml\jackson\datatype\jackson-datatype-jdk8\2.14.3\jackson-datatype-jdk8-2.14.3.jar;C:\Users\Rakshandha Kannappan\.m2\repository\com\fasterxml\jackson\datatype\jackson-datatype-jsr310\2.14.3\jackson-datatype-jsr310-2.14.3.jar;C:\Users\Rakshandha Kannappan\.m2\repository\com\fasterxml\jackson\module\jackson-module-parameter-names\2.14.3\jackson-module-parameter-names-2.14.3.jar;C:\Users\Rakshandha Kannappan\.m2\repository\org\springframework\boot\spring-boot-starter-tomcat\3.0.9-SNAPSHOT\spring-boot-starter-tomcat-3.0.9-SNAPSHOT.jar;C:\Users\Rakshandha Kannappan\.m2\repository\org\apache\tomcat\embed\tomcat-embed-core\10.1.10\tomcat-embed-core-10.1.10.jar;C:\Users\Rakshandha Kannappan\.m2\repository\org\apache\tomcat\embed\tomcat-embed-el\10.1.10\tomcat-embed-el-10.1.10.jar;C:\Users\Rakshandha Kannappan\.m2\repository\org\apache\tomcat\embed\tomcat-embed-websocket\10.1.10\tomcat-embed-websocket-10.1.10.jar;C:\Users\Rakshandha Kannappan\.m2\repository\org\springframework\spring-web\6.0.11-SNAPSHOT\spring-web-6.0.11-SNAPSHOT.jar;C:\Users\Rakshandha Kannappan\.m2\repository\org\springframework\spring-beans\6.0.11-SNAPSHOT\spring-beans-6.0.11-SNAPSHOT.jar;C:\Users\Rakshandha Kannappan\.m2\repository\io\micrometer\micrometer-observation\1.10.9-SNAPSHOT\micrometer-observation-1.10.9-SNAPSHOT.jar;C:\Users\Rakshandha Kannappan\.m2\repository\io\micrometer\micrometer-commons\1.10.9-SNAPSHOT\micrometer-commons-1.10.9-SNAPSHOT.jar;C:\Users\Rakshandha Kannappan\.m2\repository\org\springframework\spring-webmvc\6.0.11-SNAPSHOT\spring-webmvc-6.0.11-SNAPSHOT.jar;C:\Users\Rakshandha Kannappan\.m2\repository\org\springframework\spring-aop\6.0.11-SNAPSHOT\spring-aop-6.0.11-SNAPSHOT.jar;C:\Users\Rakshandha Kannappan\.m2\repository\org\springframework\spring-context\6.0.11-SNAPSHOT\spring-context-6.0.11-SNAPSHOT.jar;C:\Users\Rakshandha Kannappan\.m2\repository\org\springframework\spring-expression\6.0.11-SNAPSHOT\spring-expression-6.0.11-SNAPSHOT.jar;C:\Users\Rakshandha Kannappan\.m2\repository\org\springframework\boot\spring-boot-devtools\3.0.9-SNAPSHOT\spring-boot-devtools-3.0.9-SNAPSHOT.jar;C:\Users\Rakshandha Kannappan\.m2\repository\org\springframework\boot\spring-boot\3.0.9-SNAPSHOT\spring-boot-3.0.9-SNAPSHOT.jar;C:\Users\Rakshandha Kannappan\.m2\repository\org\springframework\boot\spring-boot-autoconfigure\3.0.9-SNAPSHOT\spring-boot-autoconfigure-3.0.9-SNAPSHOT.jar;C:\Users\Rakshandha Kannappan\.m2\repository\org\springframework\boot\spring-boot-starter-test\3.0.9-SNAPSHOT\spring-boot-starter-test-3.0.9-SNAPSHOT.jar;C:\Users\Rakshandha Kannappan\.m2\repository\org\springframework\boot\spring-boot-test\3.0.9-SNAPSHOT\spring-boot-test-3.0.9-SNAPSHOT.jar;C:\Users\Rakshandha Kannappan\.m2\repository\org\springframework\boot\spring-boot-test-autoconfigure\3.0.9-SNAPSHOT\spring-boot-test-autoconfigure-3.0.9-SNAPSHOT.jar;C:\Users\Rakshandha Kannappan\.m2\repository\com\jayway\jsonpath\json-path\2.7.0\json-path-2.7.0.jar;C:\Users\Rakshandha Kannappan\.m2\repository\net\minidev\json-smart\2.4.11\json-smart-2.4.11.jar;C:\Users\Rakshandha Kannappan\.m2\repository\net\minidev\accessors-smart\2.4.11\accessors-smart-2.4.11.jar;C:\Users\Rakshandha Kannappan\.m2\repository\org\ow2\asm\asm\9.3\asm-9.3.jar;C:\Users\Rakshandha Kannappan\.m2\repository\org\slf4j\slf4j-api\2.0.7\slf4j-api-2.0.7.jar;C:\Users\Rakshandha Kannappan\.m2\repository\jakarta\xml\bind\jakarta.xml.bind-api\4.0.0\jakarta.xml.bind-api-4.0.0.jar;C:\Users\Rakshandha Kannappan\.m2\repository\jakarta\activation\jakarta.activation-api\2.1.2\jakarta.activation-api-2.1.2.jar;C:\Users\Rakshandha Kannappan\.m2\repository\org\assertj\assertj-core\3.23.1\assertj-core-3.23.1.jar;C:\Users\Rakshandha Kannappan\.m2\repository\net\bytebuddy\byte-buddy\1.12.23\byte-buddy-1.12.23.jar;C:\Users\Rakshandha Kannappan\.m2\repository\org\hamcrest\hamcrest\2.2\hamcrest-2.2.jar;C:\Users\Rakshandha Kannappan\.m2\repository\org\junit\jupiter\junit-jupiter\5.9.3\junit-jupiter-5.9.3.jar;C:\Users\Rakshandha Kannappan\.m2\repository\org\junit\jupiter\junit-jupiter-api\5.9.3\junit-jupiter-api-5.9.3.jar;C:\Users\Rakshandha Kannappan\.m2\repository\org\opentest4j\opentest4j\1.2.0\opentest4j-1.2.0.jar;C:\Users\Rakshandha Kannappan\.m2\repository\org\junit\platform\junit-platform-commons\1.9.3\junit-platform-commons-1.9.3.jar;C:\Users\Rakshandha Kannappan\.m2\repository\org\apiguardian\apiguardian-api\1.1.2\apiguardian-api-1.1.2.jar;C:\Users\Rakshandha Kannappan\.m2\repository\org\junit\jupiter\junit-jupiter-params\5.9.3\junit-jupiter-params-5.9.3.jar;C:\Users\Rakshandha Kannappan\.m2\repository\org\junit\jupiter\junit-jupiter-engine\5.9.3\junit-jupiter-engine-5.9.3.jar;C:\Users\Rakshandha Kannappan\.m2\repository\org\junit\platform\junit-platform-engine\1.9.3\junit-platform-engine-1.9.3.jar;C:\Users\Rakshandha Kannappan\.m2\repository\org\mockito\mockito-core\4.8.1\mockito-core-4.8.1.jar;C:\Users\Rakshandha Kannappan\.m2\repository\net\bytebuddy\byte-buddy-agent\1.12.23\byte-buddy-agent-1.12.23.jar;C:\Users\Rakshandha Kannappan\.m2\repository\org\objenesis\objenesis\3.2\objenesis-3.2.jar;C:\Users\Rakshandha Kannappan\.m2\repository\org\mockito\mockito-junit-jupiter\4.8.1\mockito-junit-jupiter-4.8.1.jar;C:\Users\Rakshandha Kannappan\.m2\repository\org\skyscreamer\jsonassert\1.5.1\jsonassert-1.5.1.jar;C:\Users\Rakshandha Kannappan\.m2\repository\com\vaadin\external\google\android-json\0.0.20131108.vaadin1\android-json-0.0.20131108.vaadin1.jar;C:\Users\Rakshandha Kannappan\.m2\repository\org\springframework\spring-core\6.0.11-SNAPSHOT\spring-core-6.0.11-SNAPSHOT.jar;C:\Users\Rakshandha Kannappan\.m2\repository\org\springframework\spring-jcl\6.0.11-SNAPSHOT\spring-jcl-6.0.11-SNAPSHOT.jar;C:\Users\Rakshandha Kannappan\.m2\repository\org\springframework\spring-test\6.0.11-SNAPSHOT\spring-test-6.0.11-SNAPSHOT.jar;C:\Users\Rakshandha Kannappan\.m2\repository\org\xmlunit\xmlunit-core\2.9.1\xmlunit-core-2.9.1.jar;"/>
    <property name="java.vm.vendor" value="Eclipse Adoptium"/>
    <property name="sun.arch.data.model" value="64"/>
    <property name="user.variant" value=""/>
    <property name="java.vendor.url" value="https://adoptium.net/"/>
    <property name="user.timezone" value="America/New_York"/>
    <property name="os.name" value="Windows 11"/>
    <property name="java.vm.specification.version" value="17"/>
    <property name="sun.java.launcher" value="SUN_STANDARD"/>
    <property name="user.country" value="IN"/>
    <property name="sun.boot.library.path" value="C:\Users\Rakshandha Kannappan\Documents\Downloads\sts-4.19.0.RELEASE\plugins\org.eclipse.justj.openjdk.hotspot.jre.full.win32.x86_64_17.0.7.v20230425-1502\jre\bin"/>
    <property name="sun.java.command" value="C:\Users\RAKSHA~1\AppData\Local\Temp\surefire10796011414696702585\surefirebooter16747029630263040081.jar C:\Users\Rakshandha Kannappan\AppData\Local\Temp\surefire10796011414696702585 2023-07-06T23-13-13_467-jvmRun1 surefire11013247403095300871tmp surefire_05790671549683969332tmp"/>
    <property name="jdk.debug" value="release"/>
    <property name="surefire.test.class.path" value="C:\Users\Rakshandha Kannappan\Documents\AWS\ECS\product\target\test-classes;C:\Users\Rakshandha Kannappan\Documents\AWS\ECS\product\target\classes;C:\Users\Rakshandha Kannappan\.m2\repository\org\springframework\boot\spring-boot-starter-web\3.0.9-SNAPSHOT\spring-boot-starter-web-3.0.9-SNAPSHOT.jar;C:\Users\Rakshandha Kannappan\.m2\repository\org\springframework\boot\spring-boot-starter\3.0.9-SNAPSHOT\spring-boot-starter-3.0.9-SNAPSHOT.jar;C:\Users\Rakshandha Kannappan\.m2\repository\org\springframework\boot\spring-boot-starter-logging\3.0.9-SNAPSHOT\spring-boot-starter-logging-3.0.9-SNAPSHOT.jar;C:\Users\Rakshandha Kannappan\.m2\repository\ch\qos\logback\logback-classic\1.4.8\logback-classic-1.4.8.jar;C:\Users\Rakshandha Kannappan\.m2\repository\ch\qos\logback\logback-core\1.4.8\logback-core-1.4.8.jar;C:\Users\Rakshandha Kannappan\.m2\repository\org\apache\logging\log4j\log4j-to-slf4j\2.19.0\log4j-to-slf4j-2.19.0.jar;C:\Users\Rakshandha Kannappan\.m2\repository\org\apache\logging\log4j\log4j-api\2.19.0\log4j-api-2.19.0.jar;C:\Users\Rakshandha Kannappan\.m2\repository\org\slf4j\jul-to-slf4j\2.0.7\jul-to-slf4j-2.0.7.jar;C:\Users\Rakshandha Kannappan\.m2\repository\jakarta\annotation\jakarta.annotation-api\2.1.1\jakarta.annotation-api-2.1.1.jar;C:\Users\Rakshandha Kannappan\.m2\repository\org\yaml\snakeyaml\1.33\snakeyaml-1.33.jar;C:\Users\Rakshandha Kannappan\.m2\repository\org\springframework\boot\spring-boot-starter-json\3.0.9-SNAPSHOT\spring-boot-starter-json-3.0.9-SNAPSHOT.jar;C:\Users\Rakshandha Kannappan\.m2\repository\com\fasterxml\jackson\core\jackson-databind\2.14.3\jackson-databind-2.14.3.jar;C:\Users\Rakshandha Kannappan\.m2\repository\com\fasterxml\jackson\core\jackson-annotations\2.14.3\jackson-annotations-2.14.3.jar;C:\Users\Rakshandha Kannappan\.m2\repository\com\fasterxml\jackson\core\jackson-core\2.14.3\jackson-core-2.14.3.jar;C:\Users\Rakshandha Kannappan\.m2\repository\com\fasterxml\jackson\datatype\jackson-datatype-jdk8\2.14.3\jackson-datatype-jdk8-2.14.3.jar;C:\Users\Rakshandha Kannappan\.m2\repository\com\fasterxml\jackson\datatype\jackson-datatype-jsr310\2.14.3\jackson-datatype-jsr310-2.14.3.jar;C:\Users\Rakshandha Kannappan\.m2\repository\com\fasterxml\jackson\module\jackson-module-parameter-names\2.14.3\jackson-module-parameter-names-2.14.3.jar;C:\Users\Rakshandha Kannappan\.m2\repository\org\springframework\boot\spring-boot-starter-tomcat\3.0.9-SNAPSHOT\spring-boot-starter-tomcat-3.0.9-SNAPSHOT.jar;C:\Users\Rakshandha Kannappan\.m2\repository\org\apache\tomcat\embed\tomcat-embed-core\10.1.10\tomcat-embed-core-10.1.10.jar;C:\Users\Rakshandha Kannappan\.m2\repository\org\apache\tomcat\embed\tomcat-embed-el\10.1.10\tomcat-embed-el-10.1.10.jar;C:\Users\Rakshandha Kannappan\.m2\repository\org\apache\tomcat\embed\tomcat-embed-websocket\10.1.10\tomcat-embed-websocket-10.1.10.jar;C:\Users\Rakshandha Kannappan\.m2\repository\org\springframework\spring-web\6.0.11-SNAPSHOT\spring-web-6.0.11-SNAPSHOT.jar;C:\Users\Rakshandha Kannappan\.m2\repository\org\springframework\spring-beans\6.0.11-SNAPSHOT\spring-beans-6.0.11-SNAPSHOT.jar;C:\Users\Rakshandha Kannappan\.m2\repository\io\micrometer\micrometer-observation\1.10.9-SNAPSHOT\micrometer-observation-1.10.9-SNAPSHOT.jar;C:\Users\Rakshandha Kannappan\.m2\repository\io\micrometer\micrometer-commons\1.10.9-SNAPSHOT\micrometer-commons-1.10.9-SNAPSHOT.jar;C:\Users\Rakshandha Kannappan\.m2\repository\org\springframework\spring-webmvc\6.0.11-SNAPSHOT\spring-webmvc-6.0.11-SNAPSHOT.jar;C:\Users\Rakshandha Kannappan\.m2\repository\org\springframework\spring-aop\6.0.11-SNAPSHOT\spring-aop-6.0.11-SNAPSHOT.jar;C:\Users\Rakshandha Kannappan\.m2\repository\org\springframework\spring-context\6.0.11-SNAPSHOT\spring-context-6.0.11-SNAPSHOT.jar;C:\Users\Rakshandha Kannappan\.m2\repository\org\springframework\spring-expression\6.0.11-SNAPSHOT\spring-expression-6.0.11-SNAPSHOT.jar;C:\Users\Rakshandha Kannappan\.m2\repository\org\springframework\boot\spring-boot-devtools\3.0.9-SNAPSHOT\spring-boot-devtools-3.0.9-SNAPSHOT.jar;C:\Users\Rakshandha Kannappan\.m2\repository\org\springframework\boot\spring-boot\3.0.9-SNAPSHOT\spring-boot-3.0.9-SNAPSHOT.jar;C:\Users\Rakshandha Kannappan\.m2\repository\org\springframework\boot\spring-boot-autoconfigure\3.0.9-SNAPSHOT\spring-boot-autoconfigure-3.0.9-SNAPSHOT.jar;C:\Users\Rakshandha Kannappan\.m2\repository\org\springframework\boot\spring-boot-starter-test\3.0.9-SNAPSHOT\spring-boot-starter-test-3.0.9-SNAPSHOT.jar;C:\Users\Rakshandha Kannappan\.m2\repository\org\springframework\boot\spring-boot-test\3.0.9-SNAPSHOT\spring-boot-test-3.0.9-SNAPSHOT.jar;C:\Users\Rakshandha Kannappan\.m2\repository\org\springframework\boot\spring-boot-test-autoconfigure\3.0.9-SNAPSHOT\spring-boot-test-autoconfigure-3.0.9-SNAPSHOT.jar;C:\Users\Rakshandha Kannappan\.m2\repository\com\jayway\jsonpath\json-path\2.7.0\json-path-2.7.0.jar;C:\Users\Rakshandha Kannappan\.m2\repository\net\minidev\json-smart\2.4.11\json-smart-2.4.11.jar;C:\Users\Rakshandha Kannappan\.m2\repository\net\minidev\accessors-smart\2.4.11\accessors-smart-2.4.11.jar;C:\Users\Rakshandha Kannappan\.m2\repository\org\ow2\asm\asm\9.3\asm-9.3.jar;C:\Users\Rakshandha Kannappan\.m2\repository\org\slf4j\slf4j-api\2.0.7\slf4j-api-2.0.7.jar;C:\Users\Rakshandha Kannappan\.m2\repository\jakarta\xml\bind\jakarta.xml.bind-api\4.0.0\jakarta.xml.bind-api-4.0.0.jar;C:\Users\Rakshandha Kannappan\.m2\repository\jakarta\activation\jakarta.activation-api\2.1.2\jakarta.activation-api-2.1.2.jar;C:\Users\Rakshandha Kannappan\.m2\repository\org\assertj\assertj-core\3.23.1\assertj-core-3.23.1.jar;C:\Users\Rakshandha Kannappan\.m2\repository\net\bytebuddy\byte-buddy\1.12.23\byte-buddy-1.12.23.jar;C:\Users\Rakshandha Kannappan\.m2\repository\org\hamcrest\hamcrest\2.2\hamcrest-2.2.jar;C:\Users\Rakshandha Kannappan\.m2\repository\org\junit\jupiter\junit-jupiter\5.9.3\junit-jupiter-5.9.3.jar;C:\Users\Rakshandha Kannappan\.m2\repository\org\junit\jupiter\junit-jupiter-api\5.9.3\junit-jupiter-api-5.9.3.jar;C:\Users\Rakshandha Kannappan\.m2\repository\org\opentest4j\opentest4j\1.2.0\opentest4j-1.2.0.jar;C:\Users\Rakshandha Kannappan\.m2\repository\org\junit\platform\junit-platform-commons\1.9.3\junit-platform-commons-1.9.3.jar;C:\Users\Rakshandha Kannappan\.m2\repository\org\apiguardian\apiguardian-api\1.1.2\apiguardian-api-1.1.2.jar;C:\Users\Rakshandha Kannappan\.m2\repository\org\junit\jupiter\junit-jupiter-params\5.9.3\junit-jupiter-params-5.9.3.jar;C:\Users\Rakshandha Kannappan\.m2\repository\org\junit\jupiter\junit-jupiter-engine\5.9.3\junit-jupiter-engine-5.9.3.jar;C:\Users\Rakshandha Kannappan\.m2\repository\org\junit\platform\junit-platform-engine\1.9.3\junit-platform-engine-1.9.3.jar;C:\Users\Rakshandha Kannappan\.m2\repository\org\mockito\mockito-core\4.8.1\mockito-core-4.8.1.jar;C:\Users\Rakshandha Kannappan\.m2\repository\net\bytebuddy\byte-buddy-agent\1.12.23\byte-buddy-agent-1.12.23.jar;C:\Users\Rakshandha Kannappan\.m2\repository\org\objenesis\objenesis\3.2\objenesis-3.2.jar;C:\Users\Rakshandha Kannappan\.m2\repository\org\mockito\mockito-junit-jupiter\4.8.1\mockito-junit-jupiter-4.8.1.jar;C:\Users\Rakshandha Kannappan\.m2\repository\org\skyscreamer\jsonassert\1.5.1\jsonassert-1.5.1.jar;C:\Users\Rakshandha Kannappan\.m2\repository\com\vaadin\external\google\android-json\0.0.20131108.vaadin1\android-json-0.0.20131108.vaadin1.jar;C:\Users\Rakshandha Kannappan\.m2\repository\org\springframework\spring-core\6.0.11-SNAPSHOT\spring-core-6.0.11-SNAPSHOT.jar;C:\Users\Rakshandha Kannappan\.m2\repository\org\springframework\spring-jcl\6.0.11-SNAPSHOT\spring-jcl-6.0.11-SNAPSHOT.jar;C:\Users\Rakshandha Kannappan\.m2\repository\org\springframework\spring-test\6.0.11-SNAPSHOT\spring-test-6.0.11-SNAPSHOT.jar;C:\Users\Rakshandha Kannappan\.m2\repository\org\xmlunit\xmlunit-core\2.9.1\xmlunit-core-2.9.1.jar;"/>
    <property name="sun.cpu.endian" value="little"/>
    <property name="user.home" value="C:\Users\Rakshandha Kannappan"/>
    <property name="user.language" value="en"/>
    <property name="java.specification.vendor" value="Oracle Corporation"/>
    <property name="java.version.date" value="2023-04-18"/>
    <property name="java.home" value="C:\Users\Rakshandha Kannappan\Documents\Downloads\sts-4.19.0.RELEASE\plugins\org.eclipse.justj.openjdk.hotspot.jre.full.win32.x86_64_17.0.7.v20230425-1502\jre"/>
    <property name="file.separator" value="\"/>
    <property name="style.color" value="always"/>
    <property name="basedir" value="C:\Users\Rakshandha Kannappan\Documents\AWS\ECS\product"/>
    <property name="java.vm.compressedOopsMode" value="32-bit"/>
    <property name="line.separator" value="&#10;"/>
    <property name="java.vm.specification.vendor" value="Oracle Corporation"/>
    <property name="java.specification.name" value="Java Platform API Specification"/>
    <property name="surefire.real.class.path" value="C:\Users\RAKSHA~1\AppData\Local\Temp\surefire10796011414696702585\surefirebooter16747029630263040081.jar"/>
    <property name="user.script" value=""/>
    <property name="sun.management.compiler" value="HotSpot 64-Bit Tiered Compilers"/>
    <property name="java.runtime.version" value="17.0.7+7"/>
    <property name="user.name" value="Rakshandha Kannappan"/>
    <property name="path.separator" value=";"/>
    <property name="os.version" value="10.0"/>
    <property name="java.runtime.name" value="OpenJDK Runtime Environment"/>
    <property name="file.encoding" value="Cp1252"/>
    <property name="java.vm.name" value="OpenJDK 64-Bit Server VM"/>
    <property name="java.vendor.version" value="Temurin-17.0.7+7"/>
    <property name="localRepository" value="C:\Users\Rakshandha Kannappan\.m2\repository"/>
    <property name="java.vendor.url.bug" value="https://github.com/adoptium/adoptium-support/issues"/>
    <property name="java.io.tmpdir" value="C:\Users\RAKSHA~1\AppData\Local\Temp\"/>
    <property name="java.version" value="17.0.7"/>
    <property name="user.dir" value="C:\Users\Rakshandha Kannappan\Documents\AWS\ECS\product"/>
    <property name="os.arch" value="amd64"/>
    <property name="java.vm.specification.name" value="Java Virtual Machine Specification"/>
    <property name="sun.os.patch.level" value=""/>
    <property name="native.encoding" value="Cp1252"/>
    <property name="java.library.path" value="C:\Users\Rakshandha Kannappan\Documents\Downloads\sts-4.19.0.RELEASE\plugins\org.eclipse.justj.openjdk.hotspot.jre.full.win32.x86_64_17.0.7.v20230425-1502\jre\bin;C:\WINDOWS\Sun\Java\bin;C:\WINDOWS\system32;C:\WINDOWS;C:/Users/Rakshandha Kannappan/Documents/Downloads/sts-4.19.0.RELEASE//plugins/org.eclipse.justj.openjdk.hotspot.jre.full.win32.x86_64_17.0.7.v20230425-1502/jre/bin/server;C:/Users/Rakshandha Kannappan/Documents/Downloads/sts-4.19.0.RELEASE//plugins/org.eclipse.justj.openjdk.hotspot.jre.full.win32.x86_64_17.0.7.v20230425-1502/jre/bin;C:\Program Files (x86)\Common Files\Oracle\Java\javapath;C:\Program Files (x86)\Intel\iCLS Client\;C:\Program Files\Intel\iCLS Client\;C:\windows\system32;C:\windows;C:\windows\System32\Wbem;C:\windows\System32\WindowsPowerShell\v1.0\;C:\Program Files (x86)\Intel\Intel(R) Management Engine Components\DAL;C:\Program Files\Intel\Intel(R) Management Engine Components\DAL;C:\Program Files (x86)\Intel\Intel(R) Management Engine Components\IPT;C:\Program Files\Intel\Intel(R) Management Engine Components\IPT;C:\Program Files (x86)\NVIDIA Corporation\PhysX\Common;C:\WINDOWS\system32;C:\WINDOWS;C:\WINDOWS\System32\Wbem;C:\WINDOWS\System32\WindowsPowerShell\v1.0\;C:\WINDOWS\System32\OpenSSH\;C:\Program Files (x86)\Mozart\bin;C:\sqlite;C:\Program Files\Git\cmd;C:\Users\Rakshandha Kannappan\Downloads\apache-maven-3.6.1\bin\;C:\Program Files\Intel\WiFi\bin\;C:\Program Files\Common Files\Intel\WirelessCommon\;C:\Users\Rakshandha Kannappan\Documents\Downloads\apache-maven-3.6.2\bin;C:\Users\Rakshandha Kannappan\Documents\Downloads\gradle-5.6.2\bin;C:\Program Files (x86)\Tesseract-OCR;C:\Users\Rakshandha Kannappan\AppData\Local\Android\Sdk\tools\bin;C:\Users\Rakshandha Kannappan\AppData\Local\Android\Sdk\tools;C:\Users\Rakshandha Kannappan\AppData\Local\Android\Sdk\platform-tools;C:\Program Files\nodejs\node_modules\npm\bin;D:\apache-maven-3.6.3\bin;C:\ProgramData\chocolatey\bin;C:\HashiCorp\Vagrant\bin;C:\ProgramData\chocolatey\lib\maven\apache-maven-3.8.5\bin;C:\Program Files\Amazon\AWSCLIV2\;C:\Users\Rakshandha Kannappan\Documents\Downloads\helm-v3.12.1-windows-amd64\windows-amd64;C:\Users\Rakshandha Kannappan\AppData\Local\Programs\Python\Python38\Scripts\;C:\Users\Rakshandha Kannappan\AppData\Local\Programs\Python\Python38\;C:\Program Files\Java\jdk-12.0.1\bin;C:\Program Files\JetBrains\IntelliJ IDEA Community Edition 2019.2.3\bin;;C:\Users\Rakshandha Kannappan\AppData\Local\Programs\Microsoft VS Code\bin;C:\Program Files\JetBrains\IntelliJ IDEA 2019.2.3\bin;;C:\Program Files\JetBrains\PyCharm 2019.3.1\bin;;C:\Users\Rakshandha Kannappan\AppData\Local\Microsoft\WindowsApps;C:\Program Files\Oracle\VirtualBox;C:\Users\Rakshandha Kannappan\Documents\Downloads\helm-v3.12.1-windows-amd64\windows-amd64;;C:\Users\Rakshandha Kannappan\Documents\Downloads\sts-4.19.0.RELEASE;;."/>
    <property name="java.vm.info" value="mixed mode"/>
    <property name="java.vendor" value="Eclipse Adoptium"/>
    <property name="java.vm.version" value="17.0.7+7"/>
    <property name="sun.io.unicode.encoding" value="UnicodeLittle"/>
    <property name="java.class.version" value="61.0"/>
  </properties>
  <testcase name="contextLoads" classname="com.example.product.ProductApplicationTests" time="0.706"/>
</testsuite>